0 info it worked if it ends with ok
1 verbose cli [ 'node', '/usr/local/bin/npm', 'install' ]
2 info using npm@2.10.1
3 info using node@v0.12.4
4 verbose readDependencies loading dependencies from /Users/victorpham/Desktop/Projects/react-projects/sandbox/package.json
5 verbose install where, deps [ '/Users/victorpham/Desktop/Projects/react-projects/sandbox',
5 verbose install   [ 'babel-polyfill',
5 verbose install     'babel-runtime',
5 verbose install     'bluebird',
5 verbose install     'body-parser',
5 verbose install     'classnames',
5 verbose install     'cookie-parser',
5 verbose install     'eventemitter3',
5 verbose install     'express',
5 verbose install     'express-graphql',
5 verbose install     'express-jwt',
5 verbose install     'fastclick',
5 verbose install     'fbjs',
5 verbose install     'front-matter',
5 verbose install     'graphiql',
5 verbose install     'graphql',
5 verbose install     'history',
5 verbose install     'isomorphic-style-loader',
5 verbose install     'jade',
5 verbose install     'jsonwebtoken',
5 verbose install     'markdown-it',
5 verbose install     'node-fetch',
5 verbose install     'normalize.css',
5 verbose install     'passport',
5 verbose install     'passport-facebook',
5 verbose install     'pg',
5 verbose install     'pretty-error',
5 verbose install     'react',
5 verbose install     'react-dom',
5 verbose install     'react-routing',
5 verbose install     'source-map-support',
5 verbose install     'whatwg-fetch',
5 verbose install     'assets-webpack-plugin',
5 verbose install     'autoprefixer',
5 verbose install     'babel-cli',
5 verbose install     'babel-eslint',
5 verbose install     'babel-jest',
5 verbose install     'babel-loader',
5 verbose install     'babel-plugin-react-transform',
5 verbose install     'babel-plugin-transform-runtime',
5 verbose install     'babel-preset-es2015',
5 verbose install     'babel-preset-react',
5 verbose install     'babel-preset-stage-0',
5 verbose install     'browser-sync',
5 verbose install     'core-js',
5 verbose install     'css-loader',
5 verbose install     'csscomb',
5 verbose install     'del',
5 verbose install     'enzyme',
5 verbose install     'eslint',
5 verbose install     'eslint-config-airbnb',
5 verbose install     'eslint-loader',
5 verbose install     'eslint-plugin-react',
5 verbose install     'estraverse-fb',
5 verbose install     'extend',
5 verbose install     'file-loader',
5 verbose install     'gaze',
5 verbose install     'git-repository',
5 verbose install     'glob',
5 verbose install     'jade-loader',
5 verbose install     'jest-cli',
5 verbose install     'jscs',
5 verbose install     'json-loader',
5 verbose install     'mkdirp',
5 verbose install     'ncp',
5 verbose install     'postcss',
5 verbose install     'postcss-import',
5 verbose install     'postcss-loader',
5 verbose install     'postcss-scss',
5 verbose install     'precss',
5 verbose install     'raw-loader',
5 verbose install     'react-addons-test-utils',
5 verbose install     'react-transform-catch-errors',
5 verbose install     'react-transform-hmr',
5 verbose install     'redbox-react',
5 verbose install     'replace',
5 verbose install     'url-loader',
5 verbose install     'webpack',
5 verbose install     'webpack-hot-middleware',
5 verbose install     'webpack-middleware' ] ]
6 verbose install where, peers [ '/Users/victorpham/Desktop/Projects/react-projects/sandbox',
6 verbose install   [] ]
7 verbose installManyTop reading for lifecycle /Users/victorpham/Desktop/Projects/react-projects/sandbox/package.json
8 info preinstall @
9 verbose installManyTop reading scoped package data from /Users/victorpham/Desktop/Projects/react-projects/sandbox/node_modules/assets-webpack-plugin/package.json
10 verbose installManyTop reading scoped package data from /Users/victorpham/Desktop/Projects/react-projects/sandbox/node_modules/autoprefixer/package.json
11 verbose installManyTop reading scoped package data from /Users/victorpham/Desktop/Projects/react-projects/sandbox/node_modules/babel-cli/package.json
12 verbose installManyTop reading scoped package data from /Users/victorpham/Desktop/Projects/react-projects/sandbox/node_modules/babel-core/package.json
13 verbose installManyTop reading scoped package data from /Users/victorpham/Desktop/Projects/react-projects/sandbox/node_modules/babel-eslint/package.json
14 verbose installManyTop reading scoped package data from /Users/victorpham/Desktop/Projects/react-projects/sandbox/node_modules/babel-jest/package.json
15 verbose installManyTop reading scoped package data from /Users/victorpham/Desktop/Projects/react-projects/sandbox/node_modules/babel-loader/package.json
16 verbose installManyTop reading scoped package data from /Users/victorpham/Desktop/Projects/react-projects/sandbox/node_modules/babel-plugin-react-transform/package.json
17 verbose installManyTop reading scoped package data from /Users/victorpham/Desktop/Projects/react-projects/sandbox/node_modules/babel-plugin-transform-runtime/package.json
18 verbose installManyTop reading scoped package data from /Users/victorpham/Desktop/Projects/react-projects/sandbox/node_modules/babel-polyfill/package.json
19 verbose installManyTop reading scoped package data from /Users/victorpham/Desktop/Projects/react-projects/sandbox/node_modules/babel-preset-es2015/package.json
20 verbose installManyTop reading scoped package data from /Users/victorpham/Desktop/Projects/react-projects/sandbox/node_modules/babel-preset-react/package.json
21 verbose installManyTop reading scoped package data from /Users/victorpham/Desktop/Projects/react-projects/sandbox/node_modules/babel-preset-stage-0/package.json
22 verbose installManyTop reading scoped package data from /Users/victorpham/Desktop/Projects/react-projects/sandbox/node_modules/babel-runtime/package.json
23 verbose installManyTop reading scoped package data from /Users/victorpham/Desktop/Projects/react-projects/sandbox/node_modules/bluebird/package.json
24 verbose installManyTop reading scoped package data from /Users/victorpham/Desktop/Projects/react-projects/sandbox/node_modules/body-parser/package.json
25 verbose installManyTop reading scoped package data from /Users/victorpham/Desktop/Projects/react-projects/sandbox/node_modules/browser-sync/package.json
26 verbose installManyTop reading scoped package data from /Users/victorpham/Desktop/Projects/react-projects/sandbox/node_modules/classnames/package.json
27 verbose installManyTop reading scoped package data from /Users/victorpham/Desktop/Projects/react-projects/sandbox/node_modules/cookie-parser/package.json
28 verbose installManyTop reading scoped package data from /Users/victorpham/Desktop/Projects/react-projects/sandbox/node_modules/core-js/package.json
29 verbose installManyTop reading scoped package data from /Users/victorpham/Desktop/Projects/react-projects/sandbox/node_modules/css-loader/package.json
30 verbose installManyTop reading scoped package data from /Users/victorpham/Desktop/Projects/react-projects/sandbox/node_modules/csscomb/package.json
31 verbose installManyTop reading scoped package data from /Users/victorpham/Desktop/Projects/react-projects/sandbox/node_modules/del/package.json
32 verbose installManyTop reading scoped package data from /Users/victorpham/Desktop/Projects/react-projects/sandbox/node_modules/enzyme/package.json
33 verbose installManyTop reading scoped package data from /Users/victorpham/Desktop/Projects/react-projects/sandbox/node_modules/eslint/package.json
34 verbose installManyTop reading scoped package data from /Users/victorpham/Desktop/Projects/react-projects/sandbox/node_modules/eslint-config-airbnb/package.json
35 verbose installManyTop reading scoped package data from /Users/victorpham/Desktop/Projects/react-projects/sandbox/node_modules/eslint-loader/package.json
36 verbose installManyTop reading scoped package data from /Users/victorpham/Desktop/Projects/react-projects/sandbox/node_modules/eslint-plugin-react/package.json
37 verbose installManyTop reading scoped package data from /Users/victorpham/Desktop/Projects/react-projects/sandbox/node_modules/estraverse/package.json
38 verbose installManyTop reading scoped package data from /Users/victorpham/Desktop/Projects/react-projects/sandbox/node_modules/estraverse-fb/package.json
39 verbose installManyTop reading scoped package data from /Users/victorpham/Desktop/Projects/react-projects/sandbox/node_modules/eventemitter3/package.json
40 verbose installManyTop reading scoped package data from /Users/victorpham/Desktop/Projects/react-projects/sandbox/node_modules/express/package.json
41 verbose installManyTop reading scoped package data from /Users/victorpham/Desktop/Projects/react-projects/sandbox/node_modules/express-graphql/package.json
42 verbose installManyTop reading scoped package data from /Users/victorpham/Desktop/Projects/react-projects/sandbox/node_modules/express-jwt/package.json
43 verbose installManyTop reading scoped package data from /Users/victorpham/Desktop/Projects/react-projects/sandbox/node_modules/extend/package.json
44 verbose installManyTop reading scoped package data from /Users/victorpham/Desktop/Projects/react-projects/sandbox/node_modules/fastclick/package.json
45 verbose installManyTop reading scoped package data from /Users/victorpham/Desktop/Projects/react-projects/sandbox/node_modules/fbjs/package.json
46 verbose installManyTop reading scoped package data from /Users/victorpham/Desktop/Projects/react-projects/sandbox/node_modules/file-loader/package.json
47 verbose installManyTop reading scoped package data from /Users/victorpham/Desktop/Projects/react-projects/sandbox/node_modules/front-matter/package.json
48 verbose installManyTop reading scoped package data from /Users/victorpham/Desktop/Projects/react-projects/sandbox/node_modules/gaze/package.json
49 verbose installManyTop reading scoped package data from /Users/victorpham/Desktop/Projects/react-projects/sandbox/node_modules/git-repository/package.json
50 verbose installManyTop reading scoped package data from /Users/victorpham/Desktop/Projects/react-projects/sandbox/node_modules/glob/package.json
51 verbose installManyTop reading scoped package data from /Users/victorpham/Desktop/Projects/react-projects/sandbox/node_modules/graphiql/package.json
52 verbose installManyTop reading scoped package data from /Users/victorpham/Desktop/Projects/react-projects/sandbox/node_modules/graphql/package.json
53 verbose installManyTop reading scoped package data from /Users/victorpham/Desktop/Projects/react-projects/sandbox/node_modules/history/package.json
54 verbose installManyTop reading scoped package data from /Users/victorpham/Desktop/Projects/react-projects/sandbox/node_modules/isomorphic-style-loader/package.json
55 verbose installManyTop reading scoped package data from /Users/victorpham/Desktop/Projects/react-projects/sandbox/node_modules/jade/package.json
56 verbose installManyTop reading scoped package data from /Users/victorpham/Desktop/Projects/react-projects/sandbox/node_modules/jade-loader/package.json
57 verbose installManyTop reading scoped package data from /Users/victorpham/Desktop/Projects/react-projects/sandbox/node_modules/jest-cli/package.json
58 verbose installManyTop reading scoped package data from /Users/victorpham/Desktop/Projects/react-projects/sandbox/node_modules/jscs/package.json
59 verbose installManyTop reading scoped package data from /Users/victorpham/Desktop/Projects/react-projects/sandbox/node_modules/json-loader/package.json
60 verbose installManyTop reading scoped package data from /Users/victorpham/Desktop/Projects/react-projects/sandbox/node_modules/jsonwebtoken/package.json
61 verbose installManyTop reading scoped package data from /Users/victorpham/Desktop/Projects/react-projects/sandbox/node_modules/markdown-it/package.json
62 verbose installManyTop reading scoped package data from /Users/victorpham/Desktop/Projects/react-projects/sandbox/node_modules/mkdirp/package.json
63 verbose installManyTop reading scoped package data from /Users/victorpham/Desktop/Projects/react-projects/sandbox/node_modules/ncp/package.json
64 verbose installManyTop reading scoped package data from /Users/victorpham/Desktop/Projects/react-projects/sandbox/node_modules/node-fetch/package.json
65 verbose installManyTop reading scoped package data from /Users/victorpham/Desktop/Projects/react-projects/sandbox/node_modules/normalize.css/package.json
66 verbose installManyTop reading scoped package data from /Users/victorpham/Desktop/Projects/react-projects/sandbox/node_modules/passport/package.json
67 verbose installManyTop reading scoped package data from /Users/victorpham/Desktop/Projects/react-projects/sandbox/node_modules/passport-facebook/package.json
68 verbose installManyTop reading scoped package data from /Users/victorpham/Desktop/Projects/react-projects/sandbox/node_modules/pg/package.json
69 verbose installManyTop reading scoped package data from /Users/victorpham/Desktop/Projects/react-projects/sandbox/node_modules/postcss/package.json
70 verbose installManyTop reading scoped package data from /Users/victorpham/Desktop/Projects/react-projects/sandbox/node_modules/postcss-import/package.json
71 verbose installManyTop reading scoped package data from /Users/victorpham/Desktop/Projects/react-projects/sandbox/node_modules/postcss-loader/package.json
72 verbose installManyTop reading scoped package data from /Users/victorpham/Desktop/Projects/react-projects/sandbox/node_modules/postcss-scss/package.json
73 verbose installManyTop reading scoped package data from /Users/victorpham/Desktop/Projects/react-projects/sandbox/node_modules/precss/package.json
74 verbose installManyTop reading scoped package data from /Users/victorpham/Desktop/Projects/react-projects/sandbox/node_modules/pretty-error/package.json
75 verbose installManyTop reading scoped package data from /Users/victorpham/Desktop/Projects/react-projects/sandbox/node_modules/raw-loader/package.json
76 verbose installManyTop reading scoped package data from /Users/victorpham/Desktop/Projects/react-projects/sandbox/node_modules/react/package.json
77 verbose installManyTop reading scoped package data from /Users/victorpham/Desktop/Projects/react-projects/sandbox/node_modules/react-addons-test-utils/package.json
78 verbose installManyTop reading scoped package data from /Users/victorpham/Desktop/Projects/react-projects/sandbox/node_modules/react-dom/package.json
79 verbose installManyTop reading scoped package data from /Users/victorpham/Desktop/Projects/react-projects/sandbox/node_modules/react-routing/package.json
80 verbose installManyTop reading scoped package data from /Users/victorpham/Desktop/Projects/react-projects/sandbox/node_modules/react-transform-catch-errors/package.json
81 verbose installManyTop reading scoped package data from /Users/victorpham/Desktop/Projects/react-projects/sandbox/node_modules/react-transform-hmr/package.json
82 verbose installManyTop reading scoped package data from /Users/victorpham/Desktop/Projects/react-projects/sandbox/node_modules/redbox-react/package.json
83 verbose installManyTop reading scoped package data from /Users/victorpham/Desktop/Projects/react-projects/sandbox/node_modules/replace/package.json
84 verbose installManyTop reading scoped package data from /Users/victorpham/Desktop/Projects/react-projects/sandbox/node_modules/source-map-support/package.json
85 verbose installManyTop reading scoped package data from /Users/victorpham/Desktop/Projects/react-projects/sandbox/node_modules/url-loader/package.json
86 verbose installManyTop reading scoped package data from /Users/victorpham/Desktop/Projects/react-projects/sandbox/node_modules/webpack/package.json
87 verbose installManyTop reading scoped package data from /Users/victorpham/Desktop/Projects/react-projects/sandbox/node_modules/webpack-hot-middleware/package.json
88 verbose installManyTop reading scoped package data from /Users/victorpham/Desktop/Projects/react-projects/sandbox/node_modules/webpack-middleware/package.json
89 verbose installManyTop reading scoped package data from /Users/victorpham/Desktop/Projects/react-projects/sandbox/node_modules/whatwg-fetch/package.json
90 info package.json passport@0.3.2 No README data
91 info package.json redbox-react@1.2.9 No README data
92 info package.json babel-polyfill@6.6.1 No description
93 info package.json csscomb@3.1.8 No license field.
94 info package.json fastclick@1.0.6 No license field.
95 info package.json express-jwt@3.3.0 No license field.
96 info package.json graphiql@0.5.0 license should be a valid SPDX license expression
97 info package.json gaze@0.5.2 No license field.
98 info package.json jade-loader@0.8.0 No license field.
99 info package.json raw-loader@0.5.1 No license field.
100 info package.json webpack-middleware@1.5.1 No license field.
101 info package.json whatwg-fetch@0.11.0 No license field.
102 verbose readDependencies loading dependencies from /Users/victorpham/Desktop/Projects/react-projects/sandbox/package.json
103 verbose targetResolver reading package data from /Users/victorpham/Desktop/Projects/react-projects/sandbox/node_modules/assets-webpack-plugin/package.json
104 verbose targetResolver reading package data from /Users/victorpham/Desktop/Projects/react-projects/sandbox/node_modules/autoprefixer/package.json
105 verbose targetResolver reading package data from /Users/victorpham/Desktop/Projects/react-projects/sandbox/node_modules/babel-cli/package.json
106 verbose targetResolver reading package data from /Users/victorpham/Desktop/Projects/react-projects/sandbox/node_modules/babel-core/package.json
107 verbose targetResolver reading package data from /Users/victorpham/Desktop/Projects/react-projects/sandbox/node_modules/babel-eslint/package.json
108 verbose targetResolver reading package data from /Users/victorpham/Desktop/Projects/react-projects/sandbox/node_modules/babel-jest/package.json
109 verbose targetResolver reading package data from /Users/victorpham/Desktop/Projects/react-projects/sandbox/node_modules/babel-loader/package.json
110 verbose targetResolver reading package data from /Users/victorpham/Desktop/Projects/react-projects/sandbox/node_modules/babel-plugin-react-transform/package.json
111 verbose targetResolver reading package data from /Users/victorpham/Desktop/Projects/react-projects/sandbox/node_modules/babel-plugin-transform-runtime/package.json
112 verbose targetResolver reading package data from /Users/victorpham/Desktop/Projects/react-projects/sandbox/node_modules/babel-polyfill/package.json
113 verbose targetResolver reading package data from /Users/victorpham/Desktop/Projects/react-projects/sandbox/node_modules/babel-preset-es2015/package.json
114 verbose targetResolver reading package data from /Users/victorpham/Desktop/Projects/react-projects/sandbox/node_modules/babel-preset-react/package.json
115 verbose targetResolver reading package data from /Users/victorpham/Desktop/Projects/react-projects/sandbox/node_modules/babel-preset-stage-0/package.json
116 verbose targetResolver reading package data from /Users/victorpham/Desktop/Projects/react-projects/sandbox/node_modules/babel-runtime/package.json
117 verbose targetResolver reading package data from /Users/victorpham/Desktop/Projects/react-projects/sandbox/node_modules/bluebird/package.json
118 verbose targetResolver reading package data from /Users/victorpham/Desktop/Projects/react-projects/sandbox/node_modules/body-parser/package.json
119 verbose targetResolver reading package data from /Users/victorpham/Desktop/Projects/react-projects/sandbox/node_modules/browser-sync/package.json
120 verbose targetResolver reading package data from /Users/victorpham/Desktop/Projects/react-projects/sandbox/node_modules/classnames/package.json
121 verbose targetResolver reading package data from /Users/victorpham/Desktop/Projects/react-projects/sandbox/node_modules/cookie-parser/package.json
122 verbose targetResolver reading package data from /Users/victorpham/Desktop/Projects/react-projects/sandbox/node_modules/core-js/package.json
123 verbose targetResolver reading package data from /Users/victorpham/Desktop/Projects/react-projects/sandbox/node_modules/css-loader/package.json
124 verbose targetResolver reading package data from /Users/victorpham/Desktop/Projects/react-projects/sandbox/node_modules/csscomb/package.json
125 verbose targetResolver reading package data from /Users/victorpham/Desktop/Projects/react-projects/sandbox/node_modules/del/package.json
126 verbose targetResolver reading package data from /Users/victorpham/Desktop/Projects/react-projects/sandbox/node_modules/enzyme/package.json
127 verbose targetResolver reading package data from /Users/victorpham/Desktop/Projects/react-projects/sandbox/node_modules/eslint/package.json
128 verbose targetResolver reading package data from /Users/victorpham/Desktop/Projects/react-projects/sandbox/node_modules/eslint-config-airbnb/package.json
129 verbose targetResolver reading package data from /Users/victorpham/Desktop/Projects/react-projects/sandbox/node_modules/eslint-loader/package.json
130 verbose targetResolver reading package data from /Users/victorpham/Desktop/Projects/react-projects/sandbox/node_modules/eslint-plugin-react/package.json
131 verbose targetResolver reading package data from /Users/victorpham/Desktop/Projects/react-projects/sandbox/node_modules/estraverse/package.json
132 verbose targetResolver reading package data from /Users/victorpham/Desktop/Projects/react-projects/sandbox/node_modules/estraverse-fb/package.json
133 verbose targetResolver reading package data from /Users/victorpham/Desktop/Projects/react-projects/sandbox/node_modules/eventemitter3/package.json
134 verbose targetResolver reading package data from /Users/victorpham/Desktop/Projects/react-projects/sandbox/node_modules/express/package.json
135 verbose targetResolver reading package data from /Users/victorpham/Desktop/Projects/react-projects/sandbox/node_modules/express-graphql/package.json
136 verbose targetResolver reading package data from /Users/victorpham/Desktop/Projects/react-projects/sandbox/node_modules/express-jwt/package.json
137 verbose targetResolver reading package data from /Users/victorpham/Desktop/Projects/react-projects/sandbox/node_modules/extend/package.json
138 verbose targetResolver reading package data from /Users/victorpham/Desktop/Projects/react-projects/sandbox/node_modules/fastclick/package.json
139 verbose targetResolver reading package data from /Users/victorpham/Desktop/Projects/react-projects/sandbox/node_modules/fbjs/package.json
140 verbose targetResolver reading package data from /Users/victorpham/Desktop/Projects/react-projects/sandbox/node_modules/file-loader/package.json
141 verbose targetResolver reading package data from /Users/victorpham/Desktop/Projects/react-projects/sandbox/node_modules/front-matter/package.json
142 verbose targetResolver reading package data from /Users/victorpham/Desktop/Projects/react-projects/sandbox/node_modules/gaze/package.json
143 verbose targetResolver reading package data from /Users/victorpham/Desktop/Projects/react-projects/sandbox/node_modules/git-repository/package.json
144 verbose targetResolver reading package data from /Users/victorpham/Desktop/Projects/react-projects/sandbox/node_modules/glob/package.json
145 verbose targetResolver reading package data from /Users/victorpham/Desktop/Projects/react-projects/sandbox/node_modules/graphiql/package.json
146 verbose targetResolver reading package data from /Users/victorpham/Desktop/Projects/react-projects/sandbox/node_modules/graphql/package.json
147 verbose targetResolver reading package data from /Users/victorpham/Desktop/Projects/react-projects/sandbox/node_modules/history/package.json
148 verbose targetResolver reading package data from /Users/victorpham/Desktop/Projects/react-projects/sandbox/node_modules/isomorphic-style-loader/package.json
149 verbose targetResolver reading package data from /Users/victorpham/Desktop/Projects/react-projects/sandbox/node_modules/jade/package.json
150 verbose targetResolver reading package data from /Users/victorpham/Desktop/Projects/react-projects/sandbox/node_modules/jade-loader/package.json
151 verbose targetResolver reading package data from /Users/victorpham/Desktop/Projects/react-projects/sandbox/node_modules/jest-cli/package.json
152 verbose targetResolver reading package data from /Users/victorpham/Desktop/Projects/react-projects/sandbox/node_modules/jscs/package.json
153 verbose targetResolver reading package data from /Users/victorpham/Desktop/Projects/react-projects/sandbox/node_modules/json-loader/package.json
154 verbose targetResolver reading package data from /Users/victorpham/Desktop/Projects/react-projects/sandbox/node_modules/jsonwebtoken/package.json
155 verbose targetResolver reading package data from /Users/victorpham/Desktop/Projects/react-projects/sandbox/node_modules/markdown-it/package.json
156 verbose targetResolver reading package data from /Users/victorpham/Desktop/Projects/react-projects/sandbox/node_modules/mkdirp/package.json
157 verbose targetResolver reading package data from /Users/victorpham/Desktop/Projects/react-projects/sandbox/node_modules/ncp/package.json
158 verbose targetResolver reading package data from /Users/victorpham/Desktop/Projects/react-projects/sandbox/node_modules/node-fetch/package.json
159 verbose targetResolver reading package data from /Users/victorpham/Desktop/Projects/react-projects/sandbox/node_modules/normalize.css/package.json
160 verbose targetResolver reading package data from /Users/victorpham/Desktop/Projects/react-projects/sandbox/node_modules/passport/package.json
161 verbose targetResolver reading package data from /Users/victorpham/Desktop/Projects/react-projects/sandbox/node_modules/passport-facebook/package.json
162 verbose targetResolver reading package data from /Users/victorpham/Desktop/Projects/react-projects/sandbox/node_modules/pg/package.json
163 verbose targetResolver reading package data from /Users/victorpham/Desktop/Projects/react-projects/sandbox/node_modules/postcss/package.json
164 verbose targetResolver reading package data from /Users/victorpham/Desktop/Projects/react-projects/sandbox/node_modules/postcss-import/package.json
165 verbose targetResolver reading package data from /Users/victorpham/Desktop/Projects/react-projects/sandbox/node_modules/postcss-loader/package.json
166 verbose targetResolver reading package data from /Users/victorpham/Desktop/Projects/react-projects/sandbox/node_modules/postcss-scss/package.json
167 verbose targetResolver reading package data from /Users/victorpham/Desktop/Projects/react-projects/sandbox/node_modules/precss/package.json
168 verbose targetResolver reading package data from /Users/victorpham/Desktop/Projects/react-projects/sandbox/node_modules/pretty-error/package.json
169 verbose targetResolver reading package data from /Users/victorpham/Desktop/Projects/react-projects/sandbox/node_modules/raw-loader/package.json
170 verbose targetResolver reading package data from /Users/victorpham/Desktop/Projects/react-projects/sandbox/node_modules/react/package.json
171 verbose targetResolver reading package data from /Users/victorpham/Desktop/Projects/react-projects/sandbox/node_modules/react-addons-test-utils/package.json
172 verbose targetResolver reading package data from /Users/victorpham/Desktop/Projects/react-projects/sandbox/node_modules/react-dom/package.json
173 verbose targetResolver reading package data from /Users/victorpham/Desktop/Projects/react-projects/sandbox/node_modules/react-routing/package.json
174 verbose targetResolver reading package data from /Users/victorpham/Desktop/Projects/react-projects/sandbox/node_modules/react-transform-catch-errors/package.json
175 verbose targetResolver reading package data from /Users/victorpham/Desktop/Projects/react-projects/sandbox/node_modules/react-transform-hmr/package.json
176 verbose targetResolver reading package data from /Users/victorpham/Desktop/Projects/react-projects/sandbox/node_modules/redbox-react/package.json
177 verbose targetResolver reading package data from /Users/victorpham/Desktop/Projects/react-projects/sandbox/node_modules/replace/package.json
178 verbose targetResolver reading package data from /Users/victorpham/Desktop/Projects/react-projects/sandbox/node_modules/source-map-support/package.json
179 verbose targetResolver reading package data from /Users/victorpham/Desktop/Projects/react-projects/sandbox/node_modules/url-loader/package.json
180 verbose targetResolver reading package data from /Users/victorpham/Desktop/Projects/react-projects/sandbox/node_modules/webpack/package.json
181 verbose targetResolver reading package data from /Users/victorpham/Desktop/Projects/react-projects/sandbox/node_modules/webpack-hot-middleware/package.json
182 verbose targetResolver reading package data from /Users/victorpham/Desktop/Projects/react-projects/sandbox/node_modules/webpack-middleware/package.json
183 verbose targetResolver reading package data from /Users/victorpham/Desktop/Projects/react-projects/sandbox/node_modules/whatwg-fetch/package.json
184 verbose targetResolver reading package data from /Users/victorpham/Desktop/Projects/react-projects/sandbox/node_modules/.bin/babel/package.json
185 verbose targetResolver reading package data from /Users/victorpham/Desktop/Projects/react-projects/sandbox/node_modules/.bin/babel-doctor/package.json
186 verbose targetResolver reading package data from /Users/victorpham/Desktop/Projects/react-projects/sandbox/node_modules/.bin/babel-external-helpers/package.json
187 verbose targetResolver reading package data from /Users/victorpham/Desktop/Projects/react-projects/sandbox/node_modules/.bin/babel-node/package.json
188 verbose targetResolver reading package data from /Users/victorpham/Desktop/Projects/react-projects/sandbox/node_modules/.bin/browser-sync/package.json
189 verbose targetResolver reading package data from /Users/victorpham/Desktop/Projects/react-projects/sandbox/node_modules/.bin/csscomb/package.json
190 verbose targetResolver reading package data from /Users/victorpham/Desktop/Projects/react-projects/sandbox/node_modules/.bin/eslint/package.json
191 verbose targetResolver reading package data from /Users/victorpham/Desktop/Projects/react-projects/sandbox/node_modules/.bin/jade/package.json
192 verbose targetResolver reading package data from /Users/victorpham/Desktop/Projects/react-projects/sandbox/node_modules/.bin/jest/package.json
193 verbose targetResolver reading package data from /Users/victorpham/Desktop/Projects/react-projects/sandbox/node_modules/.bin/jscs/package.json
194 verbose targetResolver reading package data from /Users/victorpham/Desktop/Projects/react-projects/sandbox/node_modules/.bin/markdown-it/package.json
195 verbose targetResolver reading package data from /Users/victorpham/Desktop/Projects/react-projects/sandbox/node_modules/.bin/mkdirp/package.json
196 verbose targetResolver reading package data from /Users/victorpham/Desktop/Projects/react-projects/sandbox/node_modules/.bin/ncp/package.json
197 verbose targetResolver reading package data from /Users/victorpham/Desktop/Projects/react-projects/sandbox/node_modules/.bin/replace/package.json
198 verbose targetResolver reading package data from /Users/victorpham/Desktop/Projects/react-projects/sandbox/node_modules/.bin/search/package.json
199 verbose targetResolver reading package data from /Users/victorpham/Desktop/Projects/react-projects/sandbox/node_modules/.bin/webpack/package.json
200 verbose already installed skipping pretty-error@2.0.0 /Users/victorpham/Desktop/Projects/react-projects/sandbox
201 verbose already installed skipping react@0.14.7 /Users/victorpham/Desktop/Projects/react-projects/sandbox
202 verbose already installed skipping react-dom@0.14.7 /Users/victorpham/Desktop/Projects/react-projects/sandbox
203 verbose already installed skipping react-routing@0.0.7 /Users/victorpham/Desktop/Projects/react-projects/sandbox
204 verbose already installed skipping source-map-support@0.4.0 /Users/victorpham/Desktop/Projects/react-projects/sandbox
205 verbose already installed skipping whatwg-fetch@0.11.0 /Users/victorpham/Desktop/Projects/react-projects/sandbox
206 verbose already installed skipping assets-webpack-plugin@^3.3.0 /Users/victorpham/Desktop/Projects/react-projects/sandbox
207 verbose already installed skipping autoprefixer@^6.3.3 /Users/victorpham/Desktop/Projects/react-projects/sandbox
208 verbose already installed skipping babel-cli@^6.6.5 /Users/victorpham/Desktop/Projects/react-projects/sandbox
209 verbose already installed skipping babel-eslint@^5.0.0 /Users/victorpham/Desktop/Projects/react-projects/sandbox
210 verbose already installed skipping babel-jest@^9.0.1 /Users/victorpham/Desktop/Projects/react-projects/sandbox
211 verbose already installed skipping babel-loader@^6.2.4 /Users/victorpham/Desktop/Projects/react-projects/sandbox
212 verbose already installed skipping babel-plugin-react-transform@^2.0.2 /Users/victorpham/Desktop/Projects/react-projects/sandbox
213 verbose already installed skipping babel-plugin-transform-runtime@^6.6.0 /Users/victorpham/Desktop/Projects/react-projects/sandbox
214 verbose already installed skipping babel-preset-es2015@^6.6.0 /Users/victorpham/Desktop/Projects/react-projects/sandbox
215 verbose already installed skipping babel-preset-react@^6.5.0 /Users/victorpham/Desktop/Projects/react-projects/sandbox
216 verbose already installed skipping babel-preset-stage-0@^6.5.0 /Users/victorpham/Desktop/Projects/react-projects/sandbox
217 verbose already installed skipping browser-sync@^2.11.1 /Users/victorpham/Desktop/Projects/react-projects/sandbox
218 verbose already installed skipping core-js@^2.1.3 /Users/victorpham/Desktop/Projects/react-projects/sandbox
219 verbose already installed skipping css-loader@^0.23.1 /Users/victorpham/Desktop/Projects/react-projects/sandbox
220 verbose already installed skipping csscomb@^3.1.8 /Users/victorpham/Desktop/Projects/react-projects/sandbox
221 verbose already installed skipping del@^2.2.0 /Users/victorpham/Desktop/Projects/react-projects/sandbox
222 verbose already installed skipping enzyme@^2.0.0 /Users/victorpham/Desktop/Projects/react-projects/sandbox
223 verbose already installed skipping eslint@^2.3.0 /Users/victorpham/Desktop/Projects/react-projects/sandbox
224 verbose already installed skipping eslint-config-airbnb@^6.1.0 /Users/victorpham/Desktop/Projects/react-projects/sandbox
225 verbose already installed skipping eslint-loader@^1.3.0 /Users/victorpham/Desktop/Projects/react-projects/sandbox
226 verbose already installed skipping eslint-plugin-react@^4.2.0 /Users/victorpham/Desktop/Projects/react-projects/sandbox
227 verbose already installed skipping estraverse-fb@^1.3.1 /Users/victorpham/Desktop/Projects/react-projects/sandbox
228 verbose already installed skipping extend@^3.0.0 /Users/victorpham/Desktop/Projects/react-projects/sandbox
229 verbose already installed skipping file-loader@^0.8.5 /Users/victorpham/Desktop/Projects/react-projects/sandbox
230 verbose already installed skipping gaze@^0.5.2 /Users/victorpham/Desktop/Projects/react-projects/sandbox
231 verbose already installed skipping git-repository@^0.1.1 /Users/victorpham/Desktop/Projects/react-projects/sandbox
232 verbose already installed skipping glob@^7.0.3 /Users/victorpham/Desktop/Projects/react-projects/sandbox
233 verbose already installed skipping jade-loader@^0.8.0 /Users/victorpham/Desktop/Projects/react-projects/sandbox
234 verbose already installed skipping jest-cli@^0.9.0 /Users/victorpham/Desktop/Projects/react-projects/sandbox
235 verbose already installed skipping jscs@^2.11.0 /Users/victorpham/Desktop/Projects/react-projects/sandbox
236 verbose already installed skipping json-loader@^0.5.4 /Users/victorpham/Desktop/Projects/react-projects/sandbox
237 verbose already installed skipping mkdirp@^0.5.1 /Users/victorpham/Desktop/Projects/react-projects/sandbox
238 verbose already installed skipping ncp@^2.0.0 /Users/victorpham/Desktop/Projects/react-projects/sandbox
239 verbose already installed skipping postcss@^5.0.19 /Users/victorpham/Desktop/Projects/react-projects/sandbox
240 verbose already installed skipping postcss-import@^8.0.2 /Users/victorpham/Desktop/Projects/react-projects/sandbox
241 verbose already installed skipping postcss-loader@^0.8.1 /Users/victorpham/Desktop/Projects/react-projects/sandbox
242 verbose already installed skipping postcss-scss@^0.1.7 /Users/victorpham/Desktop/Projects/react-projects/sandbox
243 verbose already installed skipping precss@^1.4.0 /Users/victorpham/Desktop/Projects/react-projects/sandbox
244 verbose already installed skipping raw-loader@^0.5.1 /Users/victorpham/Desktop/Projects/react-projects/sandbox
245 verbose already installed skipping react-addons-test-utils@^0.14.7 /Users/victorpham/Desktop/Projects/react-projects/sandbox
246 verbose already installed skipping react-transform-catch-errors@^1.0.2 /Users/victorpham/Desktop/Projects/react-projects/sandbox
247 verbose already installed skipping react-transform-hmr@^1.0.4 /Users/victorpham/Desktop/Projects/react-projects/sandbox
248 verbose already installed skipping redbox-react@^1.2.2 /Users/victorpham/Desktop/Projects/react-projects/sandbox
249 verbose already installed skipping replace@^0.3.0 /Users/victorpham/Desktop/Projects/react-projects/sandbox
250 verbose already installed skipping url-loader@^0.5.7 /Users/victorpham/Desktop/Projects/react-projects/sandbox
251 verbose already installed skipping webpack@^1.12.14 /Users/victorpham/Desktop/Projects/react-projects/sandbox
252 verbose already installed skipping webpack-hot-middleware@^2.9.1 /Users/victorpham/Desktop/Projects/react-projects/sandbox
253 verbose already installed skipping webpack-middleware@^1.5.1 /Users/victorpham/Desktop/Projects/react-projects/sandbox
254 verbose already installed skipping babel-polyfill@6.6.1 /Users/victorpham/Desktop/Projects/react-projects/sandbox
255 verbose already installed skipping babel-runtime@6.6.1 /Users/victorpham/Desktop/Projects/react-projects/sandbox
256 verbose already installed skipping bluebird@3.3.3 /Users/victorpham/Desktop/Projects/react-projects/sandbox
257 verbose already installed skipping body-parser@1.15.0 /Users/victorpham/Desktop/Projects/react-projects/sandbox
258 verbose already installed skipping classnames@2.2.3 /Users/victorpham/Desktop/Projects/react-projects/sandbox
259 verbose already installed skipping cookie-parser@1.4.1 /Users/victorpham/Desktop/Projects/react-projects/sandbox
260 verbose already installed skipping eventemitter3@1.1.1 /Users/victorpham/Desktop/Projects/react-projects/sandbox
261 verbose already installed skipping express@4.13.4 /Users/victorpham/Desktop/Projects/react-projects/sandbox
262 verbose already installed skipping express-graphql@0.4.9 /Users/victorpham/Desktop/Projects/react-projects/sandbox
263 verbose already installed skipping express-jwt@3.3.0 /Users/victorpham/Desktop/Projects/react-projects/sandbox
264 verbose already installed skipping fastclick@1.0.6 /Users/victorpham/Desktop/Projects/react-projects/sandbox
265 verbose already installed skipping fbjs@0.7.2 /Users/victorpham/Desktop/Projects/react-projects/sandbox
266 verbose already installed skipping front-matter@2.0.6 /Users/victorpham/Desktop/Projects/react-projects/sandbox
267 verbose already installed skipping graphiql@0.5.0 /Users/victorpham/Desktop/Projects/react-projects/sandbox
268 verbose already installed skipping graphql@0.4.18 /Users/victorpham/Desktop/Projects/react-projects/sandbox
269 verbose already installed skipping history@2.0.1 /Users/victorpham/Desktop/Projects/react-projects/sandbox
270 verbose already installed skipping isomorphic-style-loader@0.0.12 /Users/victorpham/Desktop/Projects/react-projects/sandbox
271 verbose already installed skipping jade@1.11.0 /Users/victorpham/Desktop/Projects/react-projects/sandbox
272 verbose already installed skipping jsonwebtoken@5.7.0 /Users/victorpham/Desktop/Projects/react-projects/sandbox
273 verbose already installed skipping markdown-it@6.0.0 /Users/victorpham/Desktop/Projects/react-projects/sandbox
274 verbose already installed skipping node-fetch@1.3.3 /Users/victorpham/Desktop/Projects/react-projects/sandbox
275 verbose already installed skipping normalize.css@3.0.3 /Users/victorpham/Desktop/Projects/react-projects/sandbox
276 verbose already installed skipping passport@0.3.2 /Users/victorpham/Desktop/Projects/react-projects/sandbox
277 verbose already installed skipping passport-facebook@2.1.0 /Users/victorpham/Desktop/Projects/react-projects/sandbox
278 verbose already installed skipping pg@4.5.1 /Users/victorpham/Desktop/Projects/react-projects/sandbox
279 silly install resolved []
280 info build /Users/victorpham/Desktop/Projects/react-projects/sandbox
281 info linkStuff @
282 silly linkStuff @ has /Users/victorpham/Desktop/Projects/react-projects as its parent node_modules
283 verbose linkBins @
284 verbose linkMans @
285 verbose rebuildBundles @
286 verbose rebuildBundles [ '.bin',
286 verbose rebuildBundles   'assets-webpack-plugin',
286 verbose rebuildBundles   'autoprefixer',
286 verbose rebuildBundles   'babel-cli',
286 verbose rebuildBundles   'babel-core',
286 verbose rebuildBundles   'babel-eslint',
286 verbose rebuildBundles   'babel-jest',
286 verbose rebuildBundles   'babel-loader',
286 verbose rebuildBundles   'babel-plugin-react-transform',
286 verbose rebuildBundles   'babel-plugin-transform-runtime',
286 verbose rebuildBundles   'babel-polyfill',
286 verbose rebuildBundles   'babel-preset-es2015',
286 verbose rebuildBundles   'babel-preset-react',
286 verbose rebuildBundles   'babel-preset-stage-0',
286 verbose rebuildBundles   'babel-runtime',
286 verbose rebuildBundles   'bluebird',
286 verbose rebuildBundles   'body-parser',
286 verbose rebuildBundles   'browser-sync',
286 verbose rebuildBundles   'classnames',
286 verbose rebuildBundles   'cookie-parser',
286 verbose rebuildBundles   'core-js',
286 verbose rebuildBundles   'css-loader',
286 verbose rebuildBundles   'csscomb',
286 verbose rebuildBundles   'del',
286 verbose rebuildBundles   'enzyme',
286 verbose rebuildBundles   'eslint',
286 verbose rebuildBundles   'eslint-config-airbnb',
286 verbose rebuildBundles   'eslint-loader',
286 verbose rebuildBundles   'eslint-plugin-react',
286 verbose rebuildBundles   'estraverse',
286 verbose rebuildBundles   'estraverse-fb',
286 verbose rebuildBundles   'eventemitter3',
286 verbose rebuildBundles   'express',
286 verbose rebuildBundles   'express-graphql',
286 verbose rebuildBundles   'express-jwt',
286 verbose rebuildBundles   'extend',
286 verbose rebuildBundles   'fastclick',
286 verbose rebuildBundles   'fbjs',
286 verbose rebuildBundles   'file-loader',
286 verbose rebuildBundles   'front-matter',
286 verbose rebuildBundles   'gaze',
286 verbose rebuildBundles   'git-repository',
286 verbose rebuildBundles   'glob',
286 verbose rebuildBundles   'graphiql',
286 verbose rebuildBundles   'graphql',
286 verbose rebuildBundles   'history',
286 verbose rebuildBundles   'isomorphic-style-loader',
286 verbose rebuildBundles   'jade',
286 verbose rebuildBundles   'jade-loader',
286 verbose rebuildBundles   'jest-cli',
286 verbose rebuildBundles   'jscs',
286 verbose rebuildBundles   'json-loader',
286 verbose rebuildBundles   'jsonwebtoken',
286 verbose rebuildBundles   'markdown-it',
286 verbose rebuildBundles   'mkdirp',
286 verbose rebuildBundles   'ncp',
286 verbose rebuildBundles   'node-fetch',
286 verbose rebuildBundles   'normalize.css',
286 verbose rebuildBundles   'passport',
286 verbose rebuildBundles   'passport-facebook',
286 verbose rebuildBundles   'pg',
286 verbose rebuildBundles   'postcss',
286 verbose rebuildBundles   'postcss-import',
286 verbose rebuildBundles   'postcss-loader',
286 verbose rebuildBundles   'postcss-scss',
286 verbose rebuildBundles   'precss',
286 verbose rebuildBundles   'pretty-error',
286 verbose rebuildBundles   'raw-loader',
286 verbose rebuildBundles   'react',
286 verbose rebuildBundles   'react-addons-test-utils',
286 verbose rebuildBundles   'react-dom',
286 verbose rebuildBundles   'react-routing',
286 verbose rebuildBundles   'react-transform-catch-errors',
286 verbose rebuildBundles   'react-transform-hmr',
286 verbose rebuildBundles   'redbox-react',
286 verbose rebuildBundles   'replace',
286 verbose rebuildBundles   'source-map-support',
286 verbose rebuildBundles   'url-loader',
286 verbose rebuildBundles   'webpack',
286 verbose rebuildBundles   'webpack-hot-middleware',
286 verbose rebuildBundles   'webpack-middleware',
286 verbose rebuildBundles   'whatwg-fetch' ]
287 verbose rebuild bundle /Users/victorpham/Desktop/Projects/react-projects/sandbox/node_modules/babel-core
288 info build /Users/victorpham/Desktop/Projects/react-projects/sandbox/node_modules/babel-core
289 info preinstall babel-core@6.10.4
290 info linkStuff babel-core@6.10.4
291 silly linkStuff babel-core@6.10.4 has /Users/victorpham/Desktop/Projects/react-projects/sandbox/node_modules as its parent node_modules
292 verbose linkBins babel-core@6.10.4
293 verbose linkMans babel-core@6.10.4
294 verbose rebuildBundles babel-core@6.10.4
295 verbose rebuildBundles [ '.bin',
295 verbose rebuildBundles   'babel-code-frame',
295 verbose rebuildBundles   'babel-generator',
295 verbose rebuildBundles   'babel-helpers',
295 verbose rebuildBundles   'babel-messages',
295 verbose rebuildBundles   'babel-register',
295 verbose rebuildBundles   'babel-runtime',
295 verbose rebuildBundles   'babel-template',
295 verbose rebuildBundles   'babel-traverse',
295 verbose rebuildBundles   'babel-types',
295 verbose rebuildBundles   'babylon',
295 verbose rebuildBundles   'convert-source-map',
295 verbose rebuildBundles   'debug',
295 verbose rebuildBundles   'json5',
295 verbose rebuildBundles   'lodash',
295 verbose rebuildBundles   'minimatch',
295 verbose rebuildBundles   'path-exists',
295 verbose rebuildBundles   'path-is-absolute',
295 verbose rebuildBundles   'private',
295 verbose rebuildBundles   'shebang-regex',
295 verbose rebuildBundles   'slash',
295 verbose rebuildBundles   'source-map' ]
296 info install babel-core@6.10.4
297 info postinstall babel-core@6.10.4
298 verbose rebuild bundle /Users/victorpham/Desktop/Projects/react-projects/sandbox/node_modules/estraverse
299 info build /Users/victorpham/Desktop/Projects/react-projects/sandbox/node_modules/estraverse
300 info preinstall estraverse@4.2.0
301 info linkStuff estraverse@4.2.0
302 silly linkStuff estraverse@4.2.0 has /Users/victorpham/Desktop/Projects/react-projects/sandbox/node_modules as its parent node_modules
303 verbose linkBins estraverse@4.2.0
304 verbose linkMans estraverse@4.2.0
305 verbose rebuildBundles estraverse@4.2.0
306 info install estraverse@4.2.0
307 info postinstall estraverse@4.2.0
308 info install @
309 info postinstall @
310 info prepublish @
311 verbose validateInstall loading /Users/victorpham/Desktop/Projects/react-projects/sandbox/package.json for validation
312 verbose stack Error: The package react does not satisfy its siblings' peerDependencies requirements!
312 verbose stack     at /usr/local/lib/node_modules/npm/lib/install.js:125:32
312 verbose stack     at /usr/local/lib/node_modules/npm/lib/install.js:267:7
312 verbose stack     at /usr/local/lib/node_modules/npm/node_modules/read-installed/read-installed.js:138:5
312 verbose stack     at /usr/local/lib/node_modules/npm/node_modules/read-installed/read-installed.js:251:14
312 verbose stack     at cb (/usr/local/lib/node_modules/npm/node_modules/slide/lib/async-map.js:47:24)
312 verbose stack     at /usr/local/lib/node_modules/npm/node_modules/read-installed/read-installed.js:251:14
312 verbose stack     at cb (/usr/local/lib/node_modules/npm/node_modules/slide/lib/async-map.js:47:24)
312 verbose stack     at /usr/local/lib/node_modules/npm/node_modules/read-installed/read-installed.js:251:14
312 verbose stack     at cb (/usr/local/lib/node_modules/npm/node_modules/slide/lib/async-map.js:47:24)
312 verbose stack     at /usr/local/lib/node_modules/npm/node_modules/read-installed/read-installed.js:251:14
313 verbose cwd /Users/victorpham/Desktop/Projects/react-projects/sandbox
314 error Darwin 15.5.0
315 error argv "node" "/usr/local/bin/npm" "install"
316 error node v0.12.4
317 error npm  v2.10.1
318 error code EPEERINVALID
319 error peerinvalid The package react does not satisfy its siblings' peerDependencies requirements!
319 error peerinvalid Peer graphiql@0.5.0 wants react@^0.14.0
319 error peerinvalid Peer react-dom@0.14.7 wants react@^0.14.7
319 error peerinvalid Peer react-addons-test-utils@0.14.8 wants react@^0.14.8
319 error peerinvalid Peer redbox-react@1.2.9 wants react@^0.14.0 || ^15.0.0
319 error peerinvalid Peer enzyme@2.3.0 wants react@0.13.x || 0.14.x || ^15.0.0-0
320 verbose exit [ 1, true ]
